[debug] [2021-04-27T15:55:27.688Z] ----------------------------------------------------------------------
[debug] [2021-04-27T15:55:27.689Z] Command:       /usr/local/bin/node /usr/local/bin/firebase emulators:start
[debug] [2021-04-27T15:55:27.690Z] CLI Version:   9.10.0
[debug] [2021-04-27T15:55:27.690Z] Platform:      darwin
[debug] [2021-04-27T15:55:27.690Z] Node Version:  v14.16.1
[debug] [2021-04-27T15:55:27.691Z] Time:          Tue Apr 27 2021 10:55:27 GMT-0500 (Central Daylight Time)
[debug] [2021-04-27T15:55:27.691Z] ----------------------------------------------------------------------
[debug] 
[debug] [2021-04-27T15:55:27.696Z] > command requires scopes: ["email","openid","https://www.googleapis.com/auth/cloudplatformprojects.readonly","https://www.googleapis.com/auth/firebase","https://www.googleapis.com/auth/cloud-platform"]
[debug] [2021-04-27T15:55:27.696Z] > authorizing via signed-in user (tabbathacrouch@gmail.com)
[info] i  emulators: Starting emulators: functions, hosting {"metadata":{"emulator":{"name":"hub"},"message":"Starting emulators: functions, hosting"}}
[debug] [2021-04-27T15:55:27.711Z] [hub] writing locator at /var/folders/pj/xw9977997gx3lsrzvp92j_f40000gn/T/hub-clone-ce4ef.json
[warn] ⚠  functions: The following emulators are not running, calls to these services from the Functions emulator will affect production: auth, firestore, database, pubsub {"metadata":{"emulator":{"name":"functions"},"message":"The following emulators are not running, calls to these services from the Functions emulator will affect production: \u001b[1mauth, firestore, database, pubsub\u001b[22m"}}
[warn] ⚠  Your requested "node" version "12" doesn't match your global version "14" {"metadata":{"emulator":{"name":"functions"},"message":"Your requested \"node\" version \"12\" doesn't match your global version \"14\""}}
[debug] [2021-04-27T15:55:27.741Z] defaultcredentials: writing to file /Users/tabbathacrouch/.config/firebase/tabbathacrouch_gmail_com_application_default_credentials.json
[debug] [2021-04-27T15:55:27.744Z] Setting GAC to /Users/tabbathacrouch/.config/firebase/tabbathacrouch_gmail_com_application_default_credentials.json {"metadata":{"emulator":{"name":"functions"},"message":"Setting GAC to /Users/tabbathacrouch/.config/firebase/tabbathacrouch_gmail_com_application_default_credentials.json"}}
[debug] [2021-04-27T15:55:27.745Z] >>> [apiv2][query] GET https://firebase.googleapis.com/v1beta1/projects/clone-ce4ef/adminSdkConfig [none]
[debug] [2021-04-27T15:55:27.884Z] <<< [apiv2][status] GET https://firebase.googleapis.com/v1beta1/projects/clone-ce4ef/adminSdkConfig 200
[debug] [2021-04-27T15:55:27.884Z] <<< [apiv2][body] GET https://firebase.googleapis.com/v1beta1/projects/clone-ce4ef/adminSdkConfig {"projectId":"clone-ce4ef","storageBucket":"clone-ce4ef.appspot.com","locationId":"us-central"}
[debug] [2021-04-27T15:55:28.187Z] >>> [apiv2][query] GET https://firebase.googleapis.com/v1beta1/projects/clone-ce4ef/webApps/-/config [none]
[debug] [2021-04-27T15:55:28.455Z] <<< [apiv2][status] GET https://firebase.googleapis.com/v1beta1/projects/clone-ce4ef/webApps/-/config 200
[debug] [2021-04-27T15:55:28.455Z] <<< [apiv2][body] GET https://firebase.googleapis.com/v1beta1/projects/clone-ce4ef/webApps/-/config {"projectId":"clone-ce4ef","appId":"1:959256035190:web:a42f52009a673c104dc457","storageBucket":"clone-ce4ef.appspot.com","locationId":"us-central","apiKey":"AIzaSyBMiORnKzNNSuEn3f7JRevSnSC4pTTQBog","authDomain":"clone-ce4ef.firebaseapp.com","messagingSenderId":"959256035190","measurementId":"G-XPRQ493DJS"}
[info] i  hosting: Serving hosting files from: build {"metadata":{"emulator":{"name":"hosting"},"message":"Serving hosting files from: \u001b[1mbuild\u001b[22m"}}
[info] ✔  hosting: Local server: http://localhost:5000 {"metadata":{"emulator":{"name":"hosting"},"message":"Local server: \u001b[4m\u001b[1mhttp://localhost:5000\u001b[22m\u001b[24m"}}
[debug] [2021-04-27T15:55:28.777Z] Ignoring unsupported arg: auto_download {"metadata":{"emulator":{"name":"ui"},"message":"Ignoring unsupported arg: auto_download"}}
[debug] [2021-04-27T15:55:28.778Z] Ignoring unsupported arg: port {"metadata":{"emulator":{"name":"ui"},"message":"Ignoring unsupported arg: port"}}
[debug] [2021-04-27T15:55:28.778Z] Starting Emulator UI with command {"binary":"node","args":["/Users/tabbathacrouch/.cache/firebase/emulators/ui-v1.4.2/server.bundle.js"],"optionalArgs":[],"joinArgs":false} {"metadata":{"emulator":{"name":"ui"},"message":"Starting Emulator UI with command {\"binary\":\"node\",\"args\":[\"/Users/tabbathacrouch/.cache/firebase/emulators/ui-v1.4.2/server.bundle.js\"],\"optionalArgs\":[],\"joinArgs\":false}"}}
[info] i  ui: Emulator UI logging to ui-debug.log {"metadata":{"emulator":{"name":"ui"},"message":"Emulator UI logging to \u001b[1mui-debug.log\u001b[22m"}}
[debug] [2021-04-27T15:55:28.871Z] Web / API server started at http://localhost:4000
 {"metadata":{"emulator":{"name":"ui"},"message":"Web / API server started at http://localhost:4000\n"}}
[info] i  functions: Watching "/Users/tabbathacrouch/Desktop/Coding/amazon-clone/functions" for Cloud Functions... {"metadata":{"emulator":{"name":"functions"},"message":"Watching \"/Users/tabbathacrouch/Desktop/Coding/amazon-clone/functions\" for Cloud Functions..."}}
[debug] [2021-04-27T15:55:29.063Z] [worker-pool] addWorker(~diagnostic~) {"metadata":{"emulator":{"name":"functions"},"message":"[worker-pool] addWorker(~diagnostic~)"}}
[debug] [2021-04-27T15:55:29.064Z] [worker-pool] Adding worker with key ~diagnostic~, total=1 {"metadata":{"emulator":{"name":"functions"},"message":"[worker-pool] Adding worker with key ~diagnostic~, total=1"}}
[debug] [2021-04-27T15:55:29.064Z] [worker-pool] submitWork(triggerId=) {"metadata":{"emulator":{"name":"functions"},"message":"[worker-pool] submitWork(triggerId=)"}}
[debug] [2021-04-27T15:55:29.065Z] [worker-~diagnostic~-4ab6a4da-a0f7-4026-b8c1-2d080a64b262]: Assigning socketPath: /var/folders/pj/xw9977997gx3lsrzvp92j_f40000gn/T/fire_emu_26516.sock {"metadata":{"emulator":{"name":"functions"},"message":"[worker-~diagnostic~-4ab6a4da-a0f7-4026-b8c1-2d080a64b262]: Assigning socketPath: /var/folders/pj/xw9977997gx3lsrzvp92j_f40000gn/T/fire_emu_26516.sock"}}
[debug] [2021-04-27T15:55:29.065Z] [worker-~diagnostic~-4ab6a4da-a0f7-4026-b8c1-2d080a64b262]: BUSY {"metadata":{"emulator":{"name":"functions"},"message":"[worker-~diagnostic~-4ab6a4da-a0f7-4026-b8c1-2d080a64b262]: BUSY"}}
[debug] [2021-04-27T15:55:29.199Z] [runtime-status] [26516] Functions runtime initialized. {"cwd":"/Users/tabbathacrouch/Desktop/Coding/amazon-clone/functions","node_version":"14.16.1"} {"metadata":{"emulator":{"name":"functions"},"message":"[runtime-status] [26516] Functions runtime initialized. {\"cwd\":\"/Users/tabbathacrouch/Desktop/Coding/amazon-clone/functions\",\"node_version\":\"14.16.1\"}"}}
[debug] [2021-04-27T15:55:29.199Z] [runtime-status] [26516] Disabled runtime features: undefined {"metadata":{"emulator":{"name":"functions"},"message":"[runtime-status] [26516] Disabled runtime features: undefined"}}
[debug] [2021-04-27T15:55:29.202Z] [runtime-status] [26516] Resolved module firebase-admin {"declared":true,"installed":true,"version":"9.6.0","resolution":"/Users/tabbathacrouch/Desktop/Coding/amazon-clone/functions/node_modules/firebase-admin/lib/index.js"} {"metadata":{"emulator":{"name":"functions"},"message":"[runtime-status] [26516] Resolved module firebase-admin {\"declared\":true,\"installed\":true,\"version\":\"9.6.0\",\"resolution\":\"/Users/tabbathacrouch/Desktop/Coding/amazon-clone/functions/node_modules/firebase-admin/lib/index.js\"}"}}
[debug] [2021-04-27T15:55:29.203Z] [runtime-status] [26516] Resolved module firebase-functions {"declared":true,"installed":true,"version":"3.13.2","resolution":"/Users/tabbathacrouch/Desktop/Coding/amazon-clone/functions/node_modules/firebase-functions/lib/index.js"} {"metadata":{"emulator":{"name":"functions"},"message":"[runtime-status] [26516] Resolved module firebase-functions {\"declared\":true,\"installed\":true,\"version\":\"3.13.2\",\"resolution\":\"/Users/tabbathacrouch/Desktop/Coding/amazon-clone/functions/node_modules/firebase-functions/lib/index.js\"}"}}
[debug] [2021-04-27T15:55:29.204Z] [runtime-status] [26516] Resolved module firebase-functions {"declared":true,"installed":true,"version":"3.13.2","resolution":"/Users/tabbathacrouch/Desktop/Coding/amazon-clone/functions/node_modules/firebase-functions/lib/index.js"} {"metadata":{"emulator":{"name":"functions"},"message":"[runtime-status] [26516] Resolved module firebase-functions {\"declared\":true,\"installed\":true,\"version\":\"3.13.2\",\"resolution\":\"/Users/tabbathacrouch/Desktop/Coding/amazon-clone/functions/node_modules/firebase-functions/lib/index.js\"}"}}
[debug] [2021-04-27T15:55:29.206Z] [runtime-status] [26516] Outgoing network have been stubbed. [{"name":"http","status":"mocked"},{"name":"http","status":"mocked"},{"name":"https","status":"mocked"},{"name":"https","status":"mocked"},{"name":"net","status":"mocked"}] {"metadata":{"emulator":{"name":"functions"},"message":"[runtime-status] [26516] Outgoing network have been stubbed. [{\"name\":\"http\",\"status\":\"mocked\"},{\"name\":\"http\",\"status\":\"mocked\"},{\"name\":\"https\",\"status\":\"mocked\"},{\"name\":\"https\",\"status\":\"mocked\"},{\"name\":\"net\",\"status\":\"mocked\"}]"}}
[debug] [2021-04-27T15:55:29.206Z] [runtime-status] [26516] Resolved module firebase-functions {"declared":true,"installed":true,"version":"3.13.2","resolution":"/Users/tabbathacrouch/Desktop/Coding/amazon-clone/functions/node_modules/firebase-functions/lib/index.js"} {"metadata":{"emulator":{"name":"functions"},"message":"[runtime-status] [26516] Resolved module firebase-functions {\"declared\":true,\"installed\":true,\"version\":\"3.13.2\",\"resolution\":\"/Users/tabbathacrouch/Desktop/Coding/amazon-clone/functions/node_modules/firebase-functions/lib/index.js\"}"}}
[debug] [2021-04-27T15:55:29.236Z] [runtime-status] [26516] Checked functions.config() {"config":{}} {"metadata":{"emulator":{"name":"functions"},"message":"[runtime-status] [26516] Checked functions.config() {\"config\":{}}"}}
[debug] [2021-04-27T15:55:29.237Z] [runtime-status] [26516] firebase-functions has been stubbed. {"functionsResolution":{"declared":true,"installed":true,"version":"3.13.2","resolution":"/Users/tabbathacrouch/Desktop/Coding/amazon-clone/functions/node_modules/firebase-functions/lib/index.js"}} {"metadata":{"emulator":{"name":"functions"},"message":"[runtime-status] [26516] firebase-functions has been stubbed. {\"functionsResolution\":{\"declared\":true,\"installed\":true,\"version\":\"3.13.2\",\"resolution\":\"/Users/tabbathacrouch/Desktop/Coding/amazon-clone/functions/node_modules/firebase-functions/lib/index.js\"}}"}}
[debug] [2021-04-27T15:55:29.237Z] [runtime-status] [26516] Resolved module firebase-functions {"declared":true,"installed":true,"version":"3.13.2","resolution":"/Users/tabbathacrouch/Desktop/Coding/amazon-clone/functions/node_modules/firebase-functions/lib/index.js"} {"metadata":{"emulator":{"name":"functions"},"message":"[runtime-status] [26516] Resolved module firebase-functions {\"declared\":true,\"installed\":true,\"version\":\"3.13.2\",\"resolution\":\"/Users/tabbathacrouch/Desktop/Coding/amazon-clone/functions/node_modules/firebase-functions/lib/index.js\"}"}}
[debug] [2021-04-27T15:55:29.238Z] [runtime-status] [26516] Resolved module firebase-admin {"declared":true,"installed":true,"version":"9.6.0","resolution":"/Users/tabbathacrouch/Desktop/Coding/amazon-clone/functions/node_modules/firebase-admin/lib/index.js"} {"metadata":{"emulator":{"name":"functions"},"message":"[runtime-status] [26516] Resolved module firebase-admin {\"declared\":true,\"installed\":true,\"version\":\"9.6.0\",\"resolution\":\"/Users/tabbathacrouch/Desktop/Coding/amazon-clone/functions/node_modules/firebase-admin/lib/index.js\"}"}}
[debug] [2021-04-27T15:55:29.238Z] [runtime-status] [26516] Resolved module firebase-functions {"declared":true,"installed":true,"version":"3.13.2","resolution":"/Users/tabbathacrouch/Desktop/Coding/amazon-clone/functions/node_modules/firebase-functions/lib/index.js"} {"metadata":{"emulator":{"name":"functions"},"message":"[runtime-status] [26516] Resolved module firebase-functions {\"declared\":true,\"installed\":true,\"version\":\"3.13.2\",\"resolution\":\"/Users/tabbathacrouch/Desktop/Coding/amazon-clone/functions/node_modules/firebase-functions/lib/index.js\"}"}}
[debug] [2021-04-27T15:55:29.238Z] [runtime-status] [26516] firebase-admin has been stubbed. {"adminResolution":{"declared":true,"installed":true,"version":"9.6.0","resolution":"/Users/tabbathacrouch/Desktop/Coding/amazon-clone/functions/node_modules/firebase-admin/lib/index.js"}} {"metadata":{"emulator":{"name":"functions"},"message":"[runtime-status] [26516] firebase-admin has been stubbed. {\"adminResolution\":{\"declared\":true,\"installed\":true,\"version\":\"9.6.0\",\"resolution\":\"/Users/tabbathacrouch/Desktop/Coding/amazon-clone/functions/node_modules/firebase-admin/lib/index.js\"}}"}}
[debug] [2021-04-27T15:55:29.322Z] [worker-~diagnostic~-4ab6a4da-a0f7-4026-b8c1-2d080a64b262]: IDLE {"metadata":{"emulator":{"name":"functions"},"message":"[worker-~diagnostic~-4ab6a4da-a0f7-4026-b8c1-2d080a64b262]: IDLE"}}
[info] ✔  functions[api]: http function initialized (http://localhost:5001/clone-ce4ef/us-central1/api). {"metadata":{"emulator":{"name":"functions"},"message":"\u001b[1mhttp\u001b[22m function initialized (http://localhost:5001/clone-ce4ef/us-central1/api)."}}
[info] 
┌─────────────────────────────────────────────────────────────┐
│ ✔  All emulators ready! It is now safe to connect your app. │
│ i  View Emulator UI at http://localhost:4000                │
└─────────────────────────────────────────────────────────────┘

┌───────────┬────────────────┬─────────────────────────────────┐
│ Emulator  │ Host:Port      │ View in Emulator UI             │
├───────────┼────────────────┼─────────────────────────────────┤
│ Functions │ localhost:5001 │ http://localhost:4000/functions │
├───────────┼────────────────┼─────────────────────────────────┤
│ Hosting   │ localhost:5000 │ n/a                             │
└───────────┴────────────────┴─────────────────────────────────┘
  Emulator Hub running at localhost:4400
  Other reserved ports: 4500

Issues? Report them at https://github.com/firebase/firebase-tools/issues and attach the *-debug.log files.
 
[debug] [2021-04-27T15:56:00.370Z] [work-queue] {"queueLength":1,"workRunningCount":0}
[debug] [2021-04-27T15:56:00.370Z] [work-queue] {"queueLength":0,"workRunningCount":1}
[debug] [2021-04-27T15:56:00.371Z] Accepted request POST /clone-ce4ef/us-central1/api/payments/create?total=59899 --> api
[debug] [2021-04-27T15:56:00.375Z] [worker-pool] addWorker(api) {"metadata":{"emulator":{"name":"functions"},"message":"[worker-pool] addWorker(api)"}}
[debug] [2021-04-27T15:56:00.376Z] [worker-pool] Adding worker with key api, total=1 {"metadata":{"emulator":{"name":"functions"},"message":"[worker-pool] Adding worker with key api, total=1"}}
[debug] [2021-04-27T15:56:00.376Z] [worker-pool] submitWork(triggerId=api) {"metadata":{"emulator":{"name":"functions"},"message":"[worker-pool] submitWork(triggerId=api)"}}
[debug] [2021-04-27T15:56:00.376Z] [worker-api-dfbfc7c9-fd6a-4e44-b496-ab53300e9f63]: Assigning socketPath: /var/folders/pj/xw9977997gx3lsrzvp92j_f40000gn/T/fire_emu_26526.sock {"metadata":{"emulator":{"name":"functions"},"message":"[worker-api-dfbfc7c9-fd6a-4e44-b496-ab53300e9f63]: Assigning socketPath: /var/folders/pj/xw9977997gx3lsrzvp92j_f40000gn/T/fire_emu_26526.sock"}}
[debug] [2021-04-27T15:56:00.376Z] [worker-api-dfbfc7c9-fd6a-4e44-b496-ab53300e9f63]: BUSY {"metadata":{"emulator":{"name":"functions"},"message":"[worker-api-dfbfc7c9-fd6a-4e44-b496-ab53300e9f63]: BUSY"}}
[debug] [2021-04-27T15:56:00.537Z] [runtime-status] [26526] Functions runtime initialized. {"cwd":"/Users/tabbathacrouch/Desktop/Coding/amazon-clone/functions","node_version":"14.16.1"} {"metadata":{"emulator":{"name":"functions"},"function":{"name":"api"},"message":"[runtime-status] [26526] Functions runtime initialized. {\"cwd\":\"/Users/tabbathacrouch/Desktop/Coding/amazon-clone/functions\",\"node_version\":\"14.16.1\"}"}}
[debug] [2021-04-27T15:56:00.540Z] [runtime-status] [26526] Disabled runtime features: undefined {"metadata":{"emulator":{"name":"functions"},"function":{"name":"api"},"message":"[runtime-status] [26526] Disabled runtime features: undefined"}}
[debug] [2021-04-27T15:56:00.543Z] [runtime-status] [26526] Resolved module firebase-admin {"declared":true,"installed":true,"version":"9.6.0","resolution":"/Users/tabbathacrouch/Desktop/Coding/amazon-clone/functions/node_modules/firebase-admin/lib/index.js"} {"metadata":{"emulator":{"name":"functions"},"function":{"name":"api"},"message":"[runtime-status] [26526] Resolved module firebase-admin {\"declared\":true,\"installed\":true,\"version\":\"9.6.0\",\"resolution\":\"/Users/tabbathacrouch/Desktop/Coding/amazon-clone/functions/node_modules/firebase-admin/lib/index.js\"}"}}
[debug] [2021-04-27T15:56:00.544Z] [runtime-status] [26526] Resolved module firebase-functions {"declared":true,"installed":true,"version":"3.13.2","resolution":"/Users/tabbathacrouch/Desktop/Coding/amazon-clone/functions/node_modules/firebase-functions/lib/index.js"} {"metadata":{"emulator":{"name":"functions"},"function":{"name":"api"},"message":"[runtime-status] [26526] Resolved module firebase-functions {\"declared\":true,\"installed\":true,\"version\":\"3.13.2\",\"resolution\":\"/Users/tabbathacrouch/Desktop/Coding/amazon-clone/functions/node_modules/firebase-functions/lib/index.js\"}"}}
[debug] [2021-04-27T15:56:00.547Z] [runtime-status] [26526] Resolved module firebase-functions {"declared":true,"installed":true,"version":"3.13.2","resolution":"/Users/tabbathacrouch/Desktop/Coding/amazon-clone/functions/node_modules/firebase-functions/lib/index.js"} {"metadata":{"emulator":{"name":"functions"},"function":{"name":"api"},"message":"[runtime-status] [26526] Resolved module firebase-functions {\"declared\":true,\"installed\":true,\"version\":\"3.13.2\",\"resolution\":\"/Users/tabbathacrouch/Desktop/Coding/amazon-clone/functions/node_modules/firebase-functions/lib/index.js\"}"}}
[debug] [2021-04-27T15:56:00.549Z] [runtime-status] [26526] Outgoing network have been stubbed. [{"name":"http","status":"mocked"},{"name":"http","status":"mocked"},{"name":"https","status":"mocked"},{"name":"https","status":"mocked"},{"name":"net","status":"mocked"}] {"metadata":{"emulator":{"name":"functions"},"function":{"name":"api"},"message":"[runtime-status] [26526] Outgoing network have been stubbed. [{\"name\":\"http\",\"status\":\"mocked\"},{\"name\":\"http\",\"status\":\"mocked\"},{\"name\":\"https\",\"status\":\"mocked\"},{\"name\":\"https\",\"status\":\"mocked\"},{\"name\":\"net\",\"status\":\"mocked\"}]"}}
[debug] [2021-04-27T15:56:00.549Z] [runtime-status] [26526] Resolved module firebase-functions {"declared":true,"installed":true,"version":"3.13.2","resolution":"/Users/tabbathacrouch/Desktop/Coding/amazon-clone/functions/node_modules/firebase-functions/lib/index.js"} {"metadata":{"emulator":{"name":"functions"},"function":{"name":"api"},"message":"[runtime-status] [26526] Resolved module firebase-functions {\"declared\":true,\"installed\":true,\"version\":\"3.13.2\",\"resolution\":\"/Users/tabbathacrouch/Desktop/Coding/amazon-clone/functions/node_modules/firebase-functions/lib/index.js\"}"}}
[debug] [2021-04-27T15:56:00.582Z] [runtime-status] [26526] Checked functions.config() {"config":{}} {"metadata":{"emulator":{"name":"functions"},"function":{"name":"api"},"message":"[runtime-status] [26526] Checked functions.config() {\"config\":{}}"}}
[debug] [2021-04-27T15:56:00.582Z] [runtime-status] [26526] firebase-functions has been stubbed. {"functionsResolution":{"declared":true,"installed":true,"version":"3.13.2","resolution":"/Users/tabbathacrouch/Desktop/Coding/amazon-clone/functions/node_modules/firebase-functions/lib/index.js"}} {"metadata":{"emulator":{"name":"functions"},"function":{"name":"api"},"message":"[runtime-status] [26526] firebase-functions has been stubbed. {\"functionsResolution\":{\"declared\":true,\"installed\":true,\"version\":\"3.13.2\",\"resolution\":\"/Users/tabbathacrouch/Desktop/Coding/amazon-clone/functions/node_modules/firebase-functions/lib/index.js\"}}"}}
[debug] [2021-04-27T15:56:00.582Z] [runtime-status] [26526] Resolved module firebase-functions {"declared":true,"installed":true,"version":"3.13.2","resolution":"/Users/tabbathacrouch/Desktop/Coding/amazon-clone/functions/node_modules/firebase-functions/lib/index.js"} {"metadata":{"emulator":{"name":"functions"},"function":{"name":"api"},"message":"[runtime-status] [26526] Resolved module firebase-functions {\"declared\":true,\"installed\":true,\"version\":\"3.13.2\",\"resolution\":\"/Users/tabbathacrouch/Desktop/Coding/amazon-clone/functions/node_modules/firebase-functions/lib/index.js\"}"}}
[debug] [2021-04-27T15:56:00.583Z] [runtime-status] [26526] Resolved module firebase-admin {"declared":true,"installed":true,"version":"9.6.0","resolution":"/Users/tabbathacrouch/Desktop/Coding/amazon-clone/functions/node_modules/firebase-admin/lib/index.js"} {"metadata":{"emulator":{"name":"functions"},"function":{"name":"api"},"message":"[runtime-status] [26526] Resolved module firebase-admin {\"declared\":true,\"installed\":true,\"version\":\"9.6.0\",\"resolution\":\"/Users/tabbathacrouch/Desktop/Coding/amazon-clone/functions/node_modules/firebase-admin/lib/index.js\"}"}}
[debug] [2021-04-27T15:56:00.583Z] [runtime-status] [26526] Resolved module firebase-functions {"declared":true,"installed":true,"version":"3.13.2","resolution":"/Users/tabbathacrouch/Desktop/Coding/amazon-clone/functions/node_modules/firebase-functions/lib/index.js"} {"metadata":{"emulator":{"name":"functions"},"function":{"name":"api"},"message":"[runtime-status] [26526] Resolved module firebase-functions {\"declared\":true,\"installed\":true,\"version\":\"3.13.2\",\"resolution\":\"/Users/tabbathacrouch/Desktop/Coding/amazon-clone/functions/node_modules/firebase-functions/lib/index.js\"}"}}
[debug] [2021-04-27T15:56:00.583Z] [runtime-status] [26526] firebase-admin has been stubbed. {"adminResolution":{"declared":true,"installed":true,"version":"9.6.0","resolution":"/Users/tabbathacrouch/Desktop/Coding/amazon-clone/functions/node_modules/firebase-admin/lib/index.js"}} {"metadata":{"emulator":{"name":"functions"},"function":{"name":"api"},"message":"[runtime-status] [26526] firebase-admin has been stubbed. {\"adminResolution\":{\"declared\":true,\"installed\":true,\"version\":\"9.6.0\",\"resolution\":\"/Users/tabbathacrouch/Desktop/Coding/amazon-clone/functions/node_modules/firebase-admin/lib/index.js\"}}"}}
[debug] [2021-04-27T15:56:00.659Z] [runtime-status] [26526] Trigger "api" has been found, beginning invocation! {"metadata":{"emulator":{"name":"functions"},"function":{"name":"api"},"message":"[runtime-status] [26526] Trigger \"api\" has been found, beginning invocation!"}}
[info] i  functions: Beginning execution of "api" {"metadata":{"emulator":{"name":"functions"},"function":{"name":"api"},"message":"Beginning execution of \"api\""}}
[debug] [2021-04-27T15:56:00.660Z] [runtime-status] [26526] triggerDefinition {"httpsTrigger":{},"name":"api","entryPoint":"api"} {"metadata":{"emulator":{"name":"functions"},"function":{"name":"api"},"message":"[runtime-status] [26526] triggerDefinition {\"httpsTrigger\":{},\"name\":\"api\",\"entryPoint\":\"api\"}"}}
[debug] [2021-04-27T15:56:00.660Z] [runtime-status] [26526] Running api in mode HTTPS {"metadata":{"emulator":{"name":"functions"},"function":{"name":"api"},"message":"[runtime-status] [26526] Running api in mode HTTPS"}}
[debug] [2021-04-27T15:56:00.664Z] [runtime-status] [26526] Attempting to listen to socketPath: /var/folders/pj/xw9977997gx3lsrzvp92j_f40000gn/T/fire_emu_26526.sock {"metadata":{"emulator":{"name":"functions"},"function":{"name":"api"},"message":"[runtime-status] [26526] Attempting to listen to socketPath: /var/folders/pj/xw9977997gx3lsrzvp92j_f40000gn/T/fire_emu_26526.sock"}}
[debug] [2021-04-27T15:56:00.668Z] [functions] Runtime ready! Sending request! {"metadata":{"emulator":{"name":"functions"},"message":"[functions] Runtime ready! Sending request!"}}
[debug] [2021-04-27T15:56:00.670Z] [functions] Got req.url=/clone-ce4ef/us-central1/api/payments/create?total=59899, mapping to path=/payments/create?total=59899 {"metadata":{"emulator":{"name":"functions"},"message":"[functions] Got req.url=/clone-ce4ef/us-central1/api/payments/create?total=59899, mapping to path=/payments/create?total=59899"}}
[debug] [2021-04-27T15:56:00.681Z] [runtime-status] [26526] Ephemeral server handling POST request {"metadata":{"emulator":{"name":"functions"},"function":{"name":"api"},"message":"[runtime-status] [26526] Ephemeral server handling POST request"}}
[debug] [2021-04-27T15:56:00.691Z] [runtime-status] [26526] Ephemeral server survived. {"metadata":{"emulator":{"name":"functions"},"function":{"name":"api"},"message":"[runtime-status] [26526] Ephemeral server survived."}}
[info] i  functions: Finished "api" in ~1s {"metadata":{"emulator":{"name":"functions"},"function":{"name":"api"},"message":"Finished \"api\" in ~1s"}}
[debug] [2021-04-27T15:56:01.235Z] [worker-api-dfbfc7c9-fd6a-4e44-b496-ab53300e9f63]: IDLE {"metadata":{"emulator":{"name":"functions"},"message":"[worker-api-dfbfc7c9-fd6a-4e44-b496-ab53300e9f63]: IDLE"}}
[debug] [2021-04-27T15:56:01.235Z] [work-queue] {"queueLength":0,"workRunningCount":0}
[debug] [2021-04-27T16:01:50.236Z] [work-queue] {"queueLength":1,"workRunningCount":0}
[debug] [2021-04-27T16:01:50.237Z] [work-queue] {"queueLength":0,"workRunningCount":1}
[debug] [2021-04-27T16:01:50.237Z] Accepted request POST /clone-ce4ef/us-central1/api/payments/create?total=29898 --> api
[debug] [2021-04-27T16:01:50.237Z] [worker-pool] submitWork(triggerId=api) {"metadata":{"emulator":{"name":"functions"},"message":"[worker-pool] submitWork(triggerId=api)"}}
[debug] [2021-04-27T16:01:50.237Z] [worker-api-dfbfc7c9-fd6a-4e44-b496-ab53300e9f63]: Assigning socketPath: /var/folders/pj/xw9977997gx3lsrzvp92j_f40000gn/T/fire_emu_26526.sock {"metadata":{"emulator":{"name":"functions"},"message":"[worker-api-dfbfc7c9-fd6a-4e44-b496-ab53300e9f63]: Assigning socketPath: /var/folders/pj/xw9977997gx3lsrzvp92j_f40000gn/T/fire_emu_26526.sock"}}
[debug] [2021-04-27T16:01:50.237Z] [worker-api-dfbfc7c9-fd6a-4e44-b496-ab53300e9f63]: BUSY {"metadata":{"emulator":{"name":"functions"},"message":"[worker-api-dfbfc7c9-fd6a-4e44-b496-ab53300e9f63]: BUSY"}}
[debug] [2021-04-27T16:01:50.238Z] [runtime-status] [26526] Trigger "api" has been found, beginning invocation! {"metadata":{"emulator":{"name":"functions"},"function":{"name":"api"},"message":"[runtime-status] [26526] Trigger \"api\" has been found, beginning invocation!"}}
[info] i  functions: Beginning execution of "api" {"metadata":{"emulator":{"name":"functions"},"function":{"name":"api"},"message":"Beginning execution of \"api\""}}
[debug] [2021-04-27T16:01:50.239Z] [runtime-status] [26526] triggerDefinition {"httpsTrigger":{},"name":"api","entryPoint":"api"} {"metadata":{"emulator":{"name":"functions"},"function":{"name":"api"},"message":"[runtime-status] [26526] triggerDefinition {\"httpsTrigger\":{},\"name\":\"api\",\"entryPoint\":\"api\"}"}}
[debug] [2021-04-27T16:01:50.239Z] [runtime-status] [26526] Running api in mode HTTPS {"metadata":{"emulator":{"name":"functions"},"function":{"name":"api"},"message":"[runtime-status] [26526] Running api in mode HTTPS"}}
[debug] [2021-04-27T16:01:50.240Z] [runtime-status] [26526] Attempting to listen to socketPath: /var/folders/pj/xw9977997gx3lsrzvp92j_f40000gn/T/fire_emu_26526.sock {"metadata":{"emulator":{"name":"functions"},"function":{"name":"api"},"message":"[runtime-status] [26526] Attempting to listen to socketPath: /var/folders/pj/xw9977997gx3lsrzvp92j_f40000gn/T/fire_emu_26526.sock"}}
[debug] [2021-04-27T16:01:50.241Z] [functions] Runtime ready! Sending request! {"metadata":{"emulator":{"name":"functions"},"message":"[functions] Runtime ready! Sending request!"}}
[debug] [2021-04-27T16:01:50.241Z] [functions] Got req.url=/clone-ce4ef/us-central1/api/payments/create?total=29898, mapping to path=/payments/create?total=29898 {"metadata":{"emulator":{"name":"functions"},"message":"[functions] Got req.url=/clone-ce4ef/us-central1/api/payments/create?total=29898, mapping to path=/payments/create?total=29898"}}
[debug] [2021-04-27T16:01:50.247Z] [runtime-status] [26526] Ephemeral server handling POST request {"metadata":{"emulator":{"name":"functions"},"function":{"name":"api"},"message":"[runtime-status] [26526] Ephemeral server handling POST request"}}
[debug] [2021-04-27T16:01:50.251Z] [runtime-status] [26526] Ephemeral server survived. {"metadata":{"emulator":{"name":"functions"},"function":{"name":"api"},"message":"[runtime-status] [26526] Ephemeral server survived."}}
[info] i  functions: Finished "api" in ~1s {"metadata":{"emulator":{"name":"functions"},"function":{"name":"api"},"message":"Finished \"api\" in ~1s"}}
[debug] [2021-04-27T16:01:50.823Z] [worker-api-dfbfc7c9-fd6a-4e44-b496-ab53300e9f63]: IDLE {"metadata":{"emulator":{"name":"functions"},"message":"[worker-api-dfbfc7c9-fd6a-4e44-b496-ab53300e9f63]: IDLE"}}
[debug] [2021-04-27T16:01:50.824Z] [work-queue] {"queueLength":0,"workRunningCount":0}
[debug] [2021-04-27T16:03:25.224Z] [work-queue] {"queueLength":1,"workRunningCount":0}
[debug] [2021-04-27T16:03:25.224Z] [work-queue] {"queueLength":0,"workRunningCount":1}
[debug] [2021-04-27T16:03:25.224Z] Accepted request POST /clone-ce4ef/us-central1/api/payments/create?total=25096 --> api
[debug] [2021-04-27T16:03:25.225Z] [worker-pool] submitWork(triggerId=api) {"metadata":{"emulator":{"name":"functions"},"message":"[worker-pool] submitWork(triggerId=api)"}}
[debug] [2021-04-27T16:03:25.225Z] [worker-api-dfbfc7c9-fd6a-4e44-b496-ab53300e9f63]: Assigning socketPath: /var/folders/pj/xw9977997gx3lsrzvp92j_f40000gn/T/fire_emu_26526.sock {"metadata":{"emulator":{"name":"functions"},"message":"[worker-api-dfbfc7c9-fd6a-4e44-b496-ab53300e9f63]: Assigning socketPath: /var/folders/pj/xw9977997gx3lsrzvp92j_f40000gn/T/fire_emu_26526.sock"}}
[debug] [2021-04-27T16:03:25.225Z] [worker-api-dfbfc7c9-fd6a-4e44-b496-ab53300e9f63]: BUSY {"metadata":{"emulator":{"name":"functions"},"message":"[worker-api-dfbfc7c9-fd6a-4e44-b496-ab53300e9f63]: BUSY"}}
[debug] [2021-04-27T16:03:25.225Z] [runtime-status] [26526] Trigger "api" has been found, beginning invocation! {"metadata":{"emulator":{"name":"functions"},"function":{"name":"api"},"message":"[runtime-status] [26526] Trigger \"api\" has been found, beginning invocation!"}}
[info] i  functions: Beginning execution of "api" {"metadata":{"emulator":{"name":"functions"},"function":{"name":"api"},"message":"Beginning execution of \"api\""}}
[debug] [2021-04-27T16:03:25.226Z] [runtime-status] [26526] triggerDefinition {"httpsTrigger":{},"name":"api","entryPoint":"api"} {"metadata":{"emulator":{"name":"functions"},"function":{"name":"api"},"message":"[runtime-status] [26526] triggerDefinition {\"httpsTrigger\":{},\"name\":\"api\",\"entryPoint\":\"api\"}"}}
[debug] [2021-04-27T16:03:25.226Z] [runtime-status] [26526] Running api in mode HTTPS {"metadata":{"emulator":{"name":"functions"},"function":{"name":"api"},"message":"[runtime-status] [26526] Running api in mode HTTPS"}}
[debug] [2021-04-27T16:03:25.227Z] [runtime-status] [26526] Attempting to listen to socketPath: /var/folders/pj/xw9977997gx3lsrzvp92j_f40000gn/T/fire_emu_26526.sock {"metadata":{"emulator":{"name":"functions"},"function":{"name":"api"},"message":"[runtime-status] [26526] Attempting to listen to socketPath: /var/folders/pj/xw9977997gx3lsrzvp92j_f40000gn/T/fire_emu_26526.sock"}}
[debug] [2021-04-27T16:03:25.227Z] [functions] Runtime ready! Sending request! {"metadata":{"emulator":{"name":"functions"},"message":"[functions] Runtime ready! Sending request!"}}
[debug] [2021-04-27T16:03:25.228Z] [functions] Got req.url=/clone-ce4ef/us-central1/api/payments/create?total=25096, mapping to path=/payments/create?total=25096 {"metadata":{"emulator":{"name":"functions"},"message":"[functions] Got req.url=/clone-ce4ef/us-central1/api/payments/create?total=25096, mapping to path=/payments/create?total=25096"}}
[debug] [2021-04-27T16:03:25.233Z] [runtime-status] [26526] Ephemeral server handling POST request {"metadata":{"emulator":{"name":"functions"},"function":{"name":"api"},"message":"[runtime-status] [26526] Ephemeral server handling POST request"}}
[debug] [2021-04-27T16:03:25.235Z] [runtime-status] [26526] Ephemeral server survived. {"metadata":{"emulator":{"name":"functions"},"function":{"name":"api"},"message":"[runtime-status] [26526] Ephemeral server survived."}}
[info] i  functions: Finished "api" in ~1s {"metadata":{"emulator":{"name":"functions"},"function":{"name":"api"},"message":"Finished \"api\" in ~1s"}}
[debug] [2021-04-27T16:03:25.630Z] [worker-api-dfbfc7c9-fd6a-4e44-b496-ab53300e9f63]: IDLE {"metadata":{"emulator":{"name":"functions"},"message":"[worker-api-dfbfc7c9-fd6a-4e44-b496-ab53300e9f63]: IDLE"}}
[debug] [2021-04-27T16:03:25.631Z] [work-queue] {"queueLength":0,"workRunningCount":0}
[debug] [2021-04-27T16:05:49.292Z] [work-queue] {"queueLength":1,"workRunningCount":0}
[debug] [2021-04-27T16:05:49.293Z] [work-queue] {"queueLength":0,"workRunningCount":1}
[debug] [2021-04-27T16:05:49.293Z] Accepted request POST /clone-ce4ef/us-central1/api/payments/create?total=25096 --> api
[debug] [2021-04-27T16:05:49.293Z] [worker-pool] submitWork(triggerId=api) {"metadata":{"emulator":{"name":"functions"},"message":"[worker-pool] submitWork(triggerId=api)"}}
[debug] [2021-04-27T16:05:49.293Z] [worker-api-dfbfc7c9-fd6a-4e44-b496-ab53300e9f63]: Assigning socketPath: /var/folders/pj/xw9977997gx3lsrzvp92j_f40000gn/T/fire_emu_26526.sock {"metadata":{"emulator":{"name":"functions"},"message":"[worker-api-dfbfc7c9-fd6a-4e44-b496-ab53300e9f63]: Assigning socketPath: /var/folders/pj/xw9977997gx3lsrzvp92j_f40000gn/T/fire_emu_26526.sock"}}
[debug] [2021-04-27T16:05:49.293Z] [worker-api-dfbfc7c9-fd6a-4e44-b496-ab53300e9f63]: BUSY {"metadata":{"emulator":{"name":"functions"},"message":"[worker-api-dfbfc7c9-fd6a-4e44-b496-ab53300e9f63]: BUSY"}}
[debug] [2021-04-27T16:05:49.294Z] [runtime-status] [26526] Trigger "api" has been found, beginning invocation! {"metadata":{"emulator":{"name":"functions"},"function":{"name":"api"},"message":"[runtime-status] [26526] Trigger \"api\" has been found, beginning invocation!"}}
[info] i  functions: Beginning execution of "api" {"metadata":{"emulator":{"name":"functions"},"function":{"name":"api"},"message":"Beginning execution of \"api\""}}
[debug] [2021-04-27T16:05:49.295Z] [runtime-status] [26526] triggerDefinition {"httpsTrigger":{},"name":"api","entryPoint":"api"} {"metadata":{"emulator":{"name":"functions"},"function":{"name":"api"},"message":"[runtime-status] [26526] triggerDefinition {\"httpsTrigger\":{},\"name\":\"api\",\"entryPoint\":\"api\"}"}}
[debug] [2021-04-27T16:05:49.295Z] [runtime-status] [26526] Running api in mode HTTPS {"metadata":{"emulator":{"name":"functions"},"function":{"name":"api"},"message":"[runtime-status] [26526] Running api in mode HTTPS"}}
[debug] [2021-04-27T16:05:49.296Z] [runtime-status] [26526] Attempting to listen to socketPath: /var/folders/pj/xw9977997gx3lsrzvp92j_f40000gn/T/fire_emu_26526.sock {"metadata":{"emulator":{"name":"functions"},"function":{"name":"api"},"message":"[runtime-status] [26526] Attempting to listen to socketPath: /var/folders/pj/xw9977997gx3lsrzvp92j_f40000gn/T/fire_emu_26526.sock"}}
[debug] [2021-04-27T16:05:49.297Z] [functions] Runtime ready! Sending request! {"metadata":{"emulator":{"name":"functions"},"message":"[functions] Runtime ready! Sending request!"}}
[debug] [2021-04-27T16:05:49.297Z] [functions] Got req.url=/clone-ce4ef/us-central1/api/payments/create?total=25096, mapping to path=/payments/create?total=25096 {"metadata":{"emulator":{"name":"functions"},"message":"[functions] Got req.url=/clone-ce4ef/us-central1/api/payments/create?total=25096, mapping to path=/payments/create?total=25096"}}
[debug] [2021-04-27T16:05:49.305Z] [runtime-status] [26526] Ephemeral server handling POST request {"metadata":{"emulator":{"name":"functions"},"function":{"name":"api"},"message":"[runtime-status] [26526] Ephemeral server handling POST request"}}
[debug] [2021-04-27T16:05:49.306Z] [runtime-status] [26526] Ephemeral server survived. {"metadata":{"emulator":{"name":"functions"},"function":{"name":"api"},"message":"[runtime-status] [26526] Ephemeral server survived."}}
[info] i  functions: Finished "api" in ~1s {"metadata":{"emulator":{"name":"functions"},"function":{"name":"api"},"message":"Finished \"api\" in ~1s"}}
[debug] [2021-04-27T16:05:49.841Z] [worker-api-dfbfc7c9-fd6a-4e44-b496-ab53300e9f63]: IDLE {"metadata":{"emulator":{"name":"functions"},"message":"[worker-api-dfbfc7c9-fd6a-4e44-b496-ab53300e9f63]: IDLE"}}
[debug] [2021-04-27T16:05:49.842Z] [work-queue] {"queueLength":0,"workRunningCount":0}
